<?xml version="1.0" encoding="UTF-8"?>
<testng-results skipped="0" failed="1" ignored="0" total="7" passed="6">
  <reporter-output>
  </reporter-output>
  <suite name="Default suite" duration-ms="7702" started-at="2021-04-14T15:36:23 IST" finished-at="2021-04-14T15:36:30 IST">
    <groups>
    </groups>
    <test name="Default test" duration-ms="7702" started-at="2021-04-14T15:36:23 IST" finished-at="2021-04-14T15:36:30 IST">
      <class name="com.qa.rest.tests.GetCallBDD">
        <test-method status="PASS" signature="getContentType()[pri:0, instance:com.qa.rest.tests.GetCallBDD@6c49835d]" name="getContentType" duration-ms="2447" started-at="2021-04-14T15:36:23 IST" finished-at="2021-04-14T15:36:25 IST">
          <reporter-output>
          </reporter-output>
        </test-method> <!-- getContentType -->
        <test-method status="PASS" signature="getResponseBody()[pri:0, instance:com.qa.rest.tests.GetCallBDD@6c49835d]" name="getResponseBody" duration-ms="1309" started-at="2021-04-14T15:36:25 IST" finished-at="2021-04-14T15:36:26 IST">
          <reporter-output>
          </reporter-output>
        </test-method> <!-- getResponseBody -->
        <test-method status="PASS" signature="getResponseHeader()[pri:0, instance:com.qa.rest.tests.GetCallBDD@6c49835d]" name="getResponseHeader" duration-ms="696" started-at="2021-04-14T15:36:26 IST" finished-at="2021-04-14T15:36:27 IST">
          <reporter-output>
          </reporter-output>
        </test-method> <!-- getResponseHeader -->
        <test-method status="PASS" signature="getResponseStatus()[pri:0, instance:com.qa.rest.tests.GetCallBDD@6c49835d]" name="getResponseStatus" duration-ms="686" started-at="2021-04-14T15:36:27 IST" finished-at="2021-04-14T15:36:28 IST">
          <reporter-output>
          </reporter-output>
        </test-method> <!-- getResponseStatus -->
        <test-method status="PASS" signature="getResponseTime()[pri:0, instance:com.qa.rest.tests.GetCallBDD@6c49835d]" name="getResponseTime" duration-ms="715" started-at="2021-04-14T15:36:28 IST" finished-at="2021-04-14T15:36:28 IST">
          <reporter-output>
          </reporter-output>
        </test-method> <!-- getResponseTime -->
        <test-method status="FAIL" signature="getSpecificPartofResponse()[pri:0, instance:com.qa.rest.tests.GetCallBDD@6c49835d]" name="getSpecificPartofResponse" duration-ms="851" started-at="2021-04-14T15:36:28 IST" finished-at="2021-04-14T15:36:29 IST">
          <exception class="java.lang.ClassCastException">
            <message>
              <![CDATA[io.restassured.path.xml.XmlPath cannot be cast to java.util.ArrayList]]>
            </message>
            <full-stacktrace>
              <![CDATA[java.lang.ClassCastException: io.restassured.path.xml.XmlPath cannot be cast to java.util.ArrayList
at com.qa.rest.tests.GetCallBDD.getSpecificPartofResponse(GetCallBDD.java:71)
at sun.reflect.NativeMethodAccessorImpl.invoke0(Native Method)
at sun.reflect.NativeMethodAccessorImpl.invoke(NativeMethodAccessorImpl.java:62)
at sun.reflect.DelegatingMethodAccessorImpl.invoke(DelegatingMethodAccessorImpl.java:43)
at java.lang.reflect.Method.invoke(Method.java:498)
at org.testng.internal.MethodInvocationHelper.invokeMethod(MethodInvocationHelper.java:132)
at org.testng.internal.TestInvoker.invokeMethod(TestInvoker.java:599)
at org.testng.internal.TestInvoker.invokeTestMethod(TestInvoker.java:174)
at org.testng.internal.MethodRunner.runInSequence(MethodRunner.java:46)
at org.testng.internal.TestInvoker$MethodInvocationAgent.invoke(TestInvoker.java:822)
at org.testng.internal.TestInvoker.invokeTestMethods(TestInvoker.java:147)
at org.testng.internal.TestMethodWorker.invokeTestMethods(TestMethodWorker.java:146)
at org.testng.internal.TestMethodWorker.run(TestMethodWorker.java:128)
at java.util.ArrayList.forEach(ArrayList.java:1257)
at org.testng.TestRunner.privateRun(TestRunner.java:764)
at org.testng.TestRunner.run(TestRunner.java:585)
at org.testng.SuiteRunner.runTest(SuiteRunner.java:384)
at org.testng.SuiteRunner.runSequentially(SuiteRunner.java:378)
at org.testng.SuiteRunner.privateRun(SuiteRunner.java:337)
at org.testng.SuiteRunner.run(SuiteRunner.java:286)
at org.testng.SuiteRunnerWorker.runSuite(SuiteRunnerWorker.java:53)
at org.testng.SuiteRunnerWorker.run(SuiteRunnerWorker.java:96)
at org.testng.TestNG.runSuitesSequentially(TestNG.java:1218)
at org.testng.TestNG.runSuitesLocally(TestNG.java:1140)
at org.testng.TestNG.runSuites(TestNG.java:1069)
at org.testng.TestNG.run(TestNG.java:1037)
at org.testng.remote.AbstractRemoteTestNG.run(AbstractRemoteTestNG.java:115)
at org.testng.remote.RemoteTestNG.initAndRun(RemoteTestNG.java:251)
at org.testng.remote.RemoteTestNG.main(RemoteTestNG.java:77)
]]>
            </full-stacktrace>
          </exception> <!-- java.lang.ClassCastException -->
          <reporter-output>
          </reporter-output>
        </test-method> <!-- getSpecificPartofResponse -->
        <test-method status="PASS" signature="test_numberofCircuitsfor2017_Season()[pri:0, instance:com.qa.rest.tests.GetCallBDD@6c49835d]" name="test_numberofCircuitsfor2017_Season" duration-ms="908" started-at="2021-04-14T15:36:29 IST" finished-at="2021-04-14T15:36:30 IST">
          <reporter-output>
          </reporter-output>
        </test-method> <!-- test_numberofCircuitsfor2017_Season -->
      </class> <!-- com.qa.rest.tests.GetCallBDD -->
    </test> <!-- Default test -->
  </suite> <!-- Default suite -->
</testng-results>
